[DEBUG] 20:48:58:337 RC/(9994:24157040): Operacion recibida: Allocate la key jose
[DEBUG] 20:49:06:775 RC/(9994:24157040): Operacion recibida: Store la key jose
[DEBUG] 20:49:06:886 RC/(9994:24157040): Operacion recibida: Release la key jose
[DEBUG] 20:49:10:626 RC/(9994:24157040): Operacion recibida: Get la key jose
[DEBUG] 20:49:10:685 RC/(9994:24157040): Operacion recibida: Release la key jose
[DEBUG] 20:51:42:276 RC/(9994:24157040): Operacion recibida: Get la key dani
[DEBUG] 20:52:36:370 RC/(9994:24157040): Operacion recibida: Allocate la key claveee
[DEBUG] 20:52:56:199 RC/(9994:24157040): Operacion recibida: Store la key claveee
[DEBUG] 20:52:56:406 RC/(9994:24157040): Operacion recibida: Release la key claveee
[DEBUG] 21:08:29:410 RC/(9994:144554864): Operacion recibida: Allocate la key key
[DEBUG] 21:13:13:224 RC/(9994:144554864): Operacion recibida: Store la key keyveee
[DEBUG] 21:13:13:283 RC/(9994:144554864): Operacion recibida: Release la key keyveee
[DEBUG] 21:14:20:533 RC/(9994:144554864): Operacion recibida: Allocate la key pepin
[DEBUG] 21:14:51:433 RC/(9994:144554864): Operacion recibida: Store la key pepinee
[DEBUG] 21:14:51:562 RC/(9994:144554864): Operacion recibida: Release la key pepinee
[DEBUG] 21:24:22:746 RC/(10450:11930480): Operacion recibida: Allocate la key pepin
[DEBUG] 21:32:20:695 RC/(10450:11930480): Operacion recibida: Store la key pepin
[DEBUG] 21:32:20:718 RC/(10450:11930480): Operacion recibida: Release la key pepin
[DEBUG] 21:36:23:511 RC/(10450:11930480): Operacion recibida: Get la key pepin
[DEBUG] 21:39:00:695 RC/(10450:11930480): Operacion recibida: Release la key pepin
[DEBUG] 21:44:48:846 RC/(10450:11930480): Operacion recibida: Delete la key pepin
[DEBUG] 21:45:27:564 RC/(10450:11930480): Operacion recibida: Release la key pepin
[DEBUG] 21:47:28:70 RC/(10450:11930480): Operacion recibida: Get la key pepin
[DEBUG] 21:49:03:50 RC/(10450:11930480): Operacion recibida: Release la key pepin
